#
# There is insufficient memory for the Java Runtime Environment to continue.
# Native memory allocation (mmap) failed to map 67108864 bytes for G1 virtual space
# Possible reasons:
#   The system is out of physical RAM or swap space
#   The process is running with CompressedOops enabled, and the Java Heap may be blocking the growth of the native heap
# Possible solutions:
#   Reduce memory load on the system
#   Increase physical memory or swap space
#   Check if swap backing store is full
#   Decrease Java heap size (-Xmx/-Xms)
#   Decrease number of Java threads
#   Decrease Java thread stack sizes (-Xss)
#   Set larger code cache with -XX:ReservedCodeCacheSize=
#   JVM is running with Unscaled Compressed Oops mode in which the Java heap is
#     placed in the first 4GB address space. The Java Heap base address is the
#     maximum limit for the native heap growth. Please use -XX:HeapBaseMinAddress
#     to set the Java Heap base and to place the Java Heap above 4GB virtual address.
# This output file may be truncated or incomplete.
#
#  Out of Memory Error (os_windows.cpp:3548), pid=6388, tid=3416
#
# JRE version:  (17.0.10+11) (build )
# Java VM: Java HotSpot(TM) 64-Bit Server VM (17.0.10+11-LTS-240, mixed mode, sharing, tiered, compressed oops, compressed class ptrs, g1 gc, windows-amd64)
# No core dump will be written. Minidumps are not enabled by default on client versions of Windows
#

---------------  S U M M A R Y ------------

Command Line: 

Host: Intel(R) Xeon(R) Platinum 8272CL CPU @ 2.60GHz, 2 cores, 3G,  Windows 10 , 64 bit Build 19041 (10.0.19041.3636)
Time: Sat Feb 24 14:41:21 2024 Coordinated Universal Time elapsed time: 0.017839 seconds (0d 0h 0m 0s)

---------------  T H R E A D  ---------------

Current thread (0x000001768b53ec30):  JavaThread "Unknown thread" [_thread_in_vm, id=3416, stack(0x00000013b5d00000,0x00000013b5e00000)]

Stack: [0x00000013b5d00000,0x00000013b5e00000]
Native frames: (J=compiled Java code, j=interpreted, Vv=VM code, C=native code)
V  [jvm.dll+0x677a5a]
V  [jvm.dll+0x7d8b2d]
V  [jvm.dll+0x7da48e]
V  [jvm.dll+0x7daaf3]
V  [jvm.dll+0x2455ff]
V  [jvm.dll+0x6749b9]
V  [jvm.dll+0x669382]
V  [jvm.dll+0x302e96]
V  [jvm.dll+0x30a416]
V  [jvm.dll+0x359cbe]
V  [jvm.dll+0x359eef]
V  [jvm.dll+0x2d9e88]
V  [jvm.dll+0x2dadf4]
V  [jvm.dll+0x7aa551]
V  [jvm.dll+0x367911]
V  [jvm.dll+0x789639]
V  [jvm.dll+0x3eb30f]
V  [jvm.dll+0x3ecd91]
C  [jli.dll+0x5297]
C  [ucrtbase.dll+0x21bb2]
C  [KERNEL32.DLL+0x17344]
C  [ntdll.dll+0x526b1]


---------------  P R O C E S S  ---------------

Threads class SMR info:
_java_thread_list=0x00007ff96c2a6a18, length=0, elements={
}

Java Threads: ( => current thread )

Other Threads:
  0x000001768b57a520 GCTaskThread "GC Thread#0" [stack: 0x00000013b5e00000,0x00000013b5f00000] [id=11384]
  0x000001768b585220 ConcurrentGCThread "G1 Main Marker" [stack: 0x00000013b5f00000,0x00000013b6000000] [id=11608]
  0x000001768b5862e0 ConcurrentGCThread "G1 Conc#0" [stack: 0x00000013b6000000,0x00000013b6100000] [id=10032]

[error occurred during error reporting (printing all threads), id 0xc0000005, EXCEPTION_ACCESS_VIOLATION (0xc0000005) at pc=0x00007ff96badaae7]

VM state: not at safepoint (not fully initialized)

VM Mutex/Monitor currently owned by a thread:  ([mutex/lock_event])
[0x000001768b53a170] Heap_lock - owner thread: 0x000001768b53ec30

Heap address: 0x00000000c0c00000, size: 1012 MB, Compressed Oops mode: 32-bit

CDS archive(s) mapped at: [0x0000000000000000-0x0000000000000000-0x0000000000000000), size 0, SharedBaseAddress: 0x0000000800000000, ArchiveRelocationMode: 1.
Narrow klass base: 0x0000000000000000, Narrow klass shift: 0, Narrow klass range: 0x0

GC Precious Log:
<Empty>

Heap:
 garbage-first heap   total 0K, used 0K [0x00000000c0c00000, 0x0000000100000000)
  region size 1024K, 0 young (0K), 0 survivors (0K)

[error occurred during error reporting (printing heap information), id 0xc0000005, EXCEPTION_ACCESS_VIOLATION (0xc0000005) at pc=0x00007ff96bec1249]

GC Heap History (0 events):
No events

Deoptimization events (0 events):
No events

Classes unloaded (0 events):
No events

Classes redefined (0 events):
No events

Internal exceptions (0 events):
No events

VM Operations (0 events):
No events

Events (1 events):
Event: 0.006 Loaded shared library C:\Program Files\Java\jdk-17\bin\java.dll


Dynamic libraries:
0x00007ff73d490000 - 0x00007ff73d4a0000 	C:\Program Files\Java\jdk-17\bin\java.exe
0x00007ff9b2e70000 - 0x00007ff9b3068000 	C:\Windows\SYSTEM32\ntdll.dll
0x00007ff9b0eb0000 - 0x00007ff9b0f6d000 	C:\Windows\System32\KERNEL32.DLL
0x00007ff9b0850000 - 0x00007ff9b0b46000 	C:\Windows\System32\KERNELBASE.dll
0x00007ff9b0b50000 - 0x00007ff9b0c50000 	C:\Windows\System32\ucrtbase.dll
0x00007ff994e70000 - 0x00007ff994e8b000 	C:\Program Files\Java\jdk-17\bin\VCRUNTIME140.dll
0x00007ff994420000 - 0x00007ff994439000 	C:\Program Files\Java\jdk-17\bin\jli.dll
0x00007ff9b1c60000 - 0x00007ff9b1d13000 	C:\Windows\System32\ADVAPI32.dll
0x00007ff9b10e0000 - 0x00007ff9b117e000 	C:\Windows\System32\msvcrt.dll
0x00007ff9b1320000 - 0x00007ff9b13bf000 	C:\Windows\System32\sechost.dll
0x00007ff9b23d0000 - 0x00007ff9b24f6000 	C:\Windows\System32\RPCRT4.dll
0x00007ff9b0dc0000 - 0x00007ff9b0de7000 	C:\Windows\System32\bcrypt.dll
0x00007ff9b1180000 - 0x00007ff9b131e000 	C:\Windows\System32\USER32.dll
0x00007ff9b0df0000 - 0x00007ff9b0e12000 	C:\Windows\System32\win32u.dll
0x00007ff9b13c0000 - 0x00007ff9b13eb000 	C:\Windows\System32\GDI32.dll
0x00007ff9b0ca0000 - 0x00007ff9b0db7000 	C:\Windows\System32\gdi32full.dll
0x00007ff9b07b0000 - 0x00007ff9b084d000 	C:\Windows\System32\msvcp_win.dll
0x00007ff9978a0000 - 0x00007ff997b3a000 	C:\Windows\WinSxS\amd64_microsoft.windows.common-controls_6595b64144ccf1df_6.0.19041.3636_none_60b6a03d71f818d5\COMCTL32.dll
0x00007ff9a8410000 - 0x00007ff9a841a000 	C:\Windows\SYSTEM32\VERSION.dll
0x00007ff9b2c40000 - 0x00007ff9b2c72000 	C:\Windows\System32\IMM32.DLL
0x00007ff9a2020000 - 0x00007ff9a202c000 	C:\Program Files\Java\jdk-17\bin\vcruntime140_1.dll
0x00007ff98e5e0000 - 0x00007ff98e66e000 	C:\Program Files\Java\jdk-17\bin\msvcp140.dll
0x00007ff96b7f0000 - 0x00007ff96c3cf000 	C:\Program Files\Java\jdk-17\bin\server\jvm.dll
0x00007ff9b2520000 - 0x00007ff9b2528000 	C:\Windows\System32\PSAPI.DLL
0x00007ff998590000 - 0x00007ff998599000 	C:\Windows\SYSTEM32\WSOCK32.dll
0x00007ff994d60000 - 0x00007ff994d87000 	C:\Windows\SYSTEM32\WINMM.dll
0x00007ff9b1bf0000 - 0x00007ff9b1c5b000 	C:\Windows\System32\WS2_32.dll
0x00007ff9ae400000 - 0x00007ff9ae412000 	C:\Windows\SYSTEM32\kernel.appcore.dll
0x00007ff99ccd0000 - 0x00007ff99ccda000 	C:\Program Files\Java\jdk-17\bin\jimage.dll
0x00007ff9a8bd0000 - 0x00007ff9a8db4000 	C:\Windows\SYSTEM32\DBGHELP.DLL
0x00007ff9a8b60000 - 0x00007ff9a8b94000 	C:\Windows\SYSTEM32\dbgcore.DLL
0x00007ff9b0e20000 - 0x00007ff9b0ea2000 	C:\Windows\System32\bcryptPrimitives.dll
0x00007ff993530000 - 0x00007ff993555000 	C:\Program Files\Java\jdk-17\bin\java.dll

dbghelp: loaded successfully - version: 4.0.5 - missing functions: none
symbol engine: initialized successfully - sym options: 0x614 - pdb path: .;C:\Program Files\Java\jdk-17\bin;C:\Windows\SYSTEM32;C:\Windows\WinSxS\amd64_microsoft.windows.common-controls_6595b64144ccf1df_6.0.19041.3636_none_60b6a03d71f818d5;C:\Program Files\Java\jdk-17\bin\server

VM Arguments:
java_command: <unknown>
java_class_path (initial): <not set>
Launcher Type: SUN_STANDARD

[Global flags]
     intx CICompilerCount                          = 2                                         {product} {ergonomic}
     uint ConcGCThreads                            = 1                                         {product} {ergonomic}
     uint G1ConcRefinementThreads                  = 2                                         {product} {ergonomic}
   size_t G1HeapRegionSize                         = 1048576                                   {product} {ergonomic}
    uintx GCDrainStackTargetSize                   = 64                                        {product} {ergonomic}
   size_t InitialHeapSize                          = 67108864                                  {product} {ergonomic}
   size_t MarkStackSize                            = 4194304                                   {product} {ergonomic}
   size_t MaxHeapSize                              = 1061158912                                {product} {ergonomic}
   size_t MinHeapDeltaBytes                        = 1048576                                   {product} {ergonomic}
   size_t MinHeapSize                              = 8388608                                   {product} {ergonomic}
    uintx NonNMethodCodeHeapSize                   = 5826188                                {pd product} {ergonomic}
    uintx NonProfiledCodeHeapSize                  = 122916026                              {pd product} {ergonomic}
    uintx ProfiledCodeHeapSize                     = 122916026                              {pd product} {ergonomic}
    uintx ReservedCodeCacheSize                    = 251658240                              {pd product} {ergonomic}
     bool SegmentedCodeCache                       = true                                      {product} {ergonomic}
   size_t SoftMaxHeapSize                          = 1061158912                             {manageable} {ergonomic}
     bool UseCompressedClassPointers               = true                           {product lp64_product} {ergonomic}
     bool UseCompressedOops                        = true                           {product lp64_product} {ergonomic}
     bool UseG1GC                                  = true                                      {product} {ergonomic}
     bool UseLargePagesIndividualAllocation        = false                                  {pd product} {ergonomic}

Logging:
Log output configuration:
 #0: stdout all=warning uptime,level,tags
 #1: stderr all=off uptime,level,tags

Environment Variables:
JAVA_HOME=C:\Program Files\Java\jdk-17\bin
PATH=C:\Program Files\Common Files\Oracle\Java\javapath;C:\Windows\system32;C:\Windows;C:\Windows\System32\Wbem;C:\Windows\System32\WindowsPowerShell\v1.0\;C:\Windows\System32\OpenSSH\;C:\Program Files\Git\cmd;C:\Program Files\MySQL\MySQL Shell 8.0\bin\;C:\Users\sfjbs\AppData\Local\Microsoft\WindowsApps;
USERNAME=sfjbs
OS=Windows_NT
PROCESSOR_IDENTIFIER=Intel64 Family 6 Model 85 Stepping 7, GenuineIntel



---------------  S Y S T E M  ---------------

OS:
 Windows 10 , 64 bit Build 19041 (10.0.19041.3636)
OS uptime: 6 days 18:33 hours
Hyper-V virtualization detected

CPU: total 2 (initial active 2) (2 cores per cpu, 1 threads per core) family 6 model 85 stepping 7 microcode 0xffffffff, cx8, cmov, fxsr, mmx, 3dnowpref, sse, sse2, sse3, ssse3, sse4.1, sse4.2, popcnt, lzcnt, tsc, avx, avx2, aes, erms, clmul, bmi1, bmi2, rtm, adx, avx512f, avx512dq, avx512cd, avx512bw, avx512vl, fma, vzeroupper, avx512_vnni, clflush, clflushopt, clwb, hv

Memory: 4k page, system-wide physical 4044M (926M free)
TotalPageFile size 5068M (AvailPageFile size 66M)
current process WorkingSet (physical memory assigned to process): 10M, peak: 10M
current process commit charge ("private bytes"): 47M, peak: 111M

vm_info: Java HotSpot(TM) 64-Bit Server VM (17.0.10+11-LTS-240) for windows-amd64 JRE (17.0.10+11-LTS-240), built on Dec 19 2023 21:47:25 by "mach5one" with MS VC++ 17.1 (VS2022)

END.
